<?xml version="1.0" encoding="UTF-8"?>
<robot generator="Robot 4.0.2 (Python 3.9.5 on win32)" generated="20210530 19:41:00.792" rpa="false" schemaversion="2">
<suite id="s1" name="Tests" source="C:\Users\cliu\Desktop\ST21\labs\Lab4.5\lab6\tests">
<suite id="s1-s1" name="Post Message" source="C:\Users\cliu\Desktop\ST21\labs\Lab4.5\lab6\tests\post_message.robot">
<kw name="Run Keywords" library="BuiltIn" type="SETUP">
<arg>Open Keystonejs</arg>
<arg>AND</arg>
<arg>Login As Administrator</arg>
<arg>AND</arg>
<arg>Enter Post Page</arg>
<doc>Executes all the given keywords in a sequence.</doc>
<kw name="Open Keystonejs" library="resource">
<kw name="Open Browser" library="SeleniumLibrary">
<arg>${URL}</arg>
<arg>${BROWSER}</arg>
<doc>Opens a new browser instance to the optional ``url``.</doc>
<msg timestamp="20210530 19:41:01.040" level="INFO">Opening browser 'Chrome' to base url 'http://localhost:3000'.</msg>
<kw name="Capture Page Screenshot" library="SeleniumLibrary">
<doc>Takes a screenshot of the current page and embeds it into a log file.</doc>
<msg timestamp="20210530 19:41:04.185" level="INFO">Cannot capture screenshot because no browser is open.</msg>
<status status="PASS" starttime="20210530 19:41:04.185" endtime="20210530 19:41:04.185"/>
</kw>
<msg timestamp="20210530 19:41:04.185" level="FAIL">SessionNotCreatedException: Message: session not created: This version of ChromeDriver only supports Chrome version 88
Current browser version is 90.0.4430.212 with binary path C:\Program Files (x86)\Google\Chrome\Application\chrome.exe
</msg>
<status status="FAIL" starttime="20210530 19:41:01.040" endtime="20210530 19:41:04.185"/>
</kw>
<kw name="Maximize Browser Window" library="SeleniumLibrary">
<doc>Maximizes current browser window.</doc>
<status status="NOT RUN" starttime="20210530 19:41:04.185" endtime="20210530 19:41:04.185"/>
</kw>
<kw name="Set Selenium Speed" library="SeleniumLibrary">
<arg>${DELAY}</arg>
<doc>Sets the delay that is waited after each Selenium command.</doc>
<status status="NOT RUN" starttime="20210530 19:41:04.185" endtime="20210530 19:41:04.185"/>
</kw>
<status status="FAIL" starttime="20210530 19:41:01.040" endtime="20210530 19:41:04.185"/>
</kw>
<status status="FAIL" starttime="20210530 19:41:01.040" endtime="20210530 19:41:04.185"/>
</kw>
<test id="s1-s1-t1" name="Create a post should be shown on the admin ui page">
<status status="FAIL" starttime="20210530 19:41:04.185" endtime="20210530 19:41:04.185">Parent suite setup failed:
SessionNotCreatedException: Message: session not created: This version of ChromeDriver only supports Chrome version 88
Current browser version is 90.0.4430.212 with binary path C:\Program Files (x86)\Google\Chrome\Application\chrome.exe
</status>
</test>
<test id="s1-s1-t2" name="Delete a post">
<status status="FAIL" starttime="20210530 19:41:04.185" endtime="20210530 19:41:04.185">Parent suite setup failed:
SessionNotCreatedException: Message: session not created: This version of ChromeDriver only supports Chrome version 88
Current browser version is 90.0.4430.212 with binary path C:\Program Files (x86)\Google\Chrome\Application\chrome.exe
</status>
</test>
<kw name="Run Keyword" library="BuiltIn" type="TEARDOWN">
<arg>Log Out From Admin Page</arg>
<doc>Executes the given keyword with the given arguments.</doc>
<kw name="Log Out From Admin Page" library="resource">
<kw name="Run Keyword And Return Status" library="BuiltIn">
<var>${Success}</var>
<arg>Click Element</arg>
<arg>xpath://a[@title='Sign Out']</arg>
<doc>Runs the given keyword with given arguments and returns the status as a Boolean value.</doc>
<kw name="Click Element" library="SeleniumLibrary">
<arg>xpath://a[@title='Sign Out']</arg>
<doc>Click the element identified by ``locator``.</doc>
<msg timestamp="20210530 19:41:04.185" level="INFO">Clicking element 'xpath://a[@title='Sign Out']'.</msg>
<kw name="Capture Page Screenshot" library="SeleniumLibrary">
<doc>Takes a screenshot of the current page and embeds it into a log file.</doc>
<msg timestamp="20210530 19:41:04.185" level="INFO">Cannot capture screenshot because no browser is open.</msg>
<status status="PASS" starttime="20210530 19:41:04.185" endtime="20210530 19:41:04.185"/>
</kw>
<msg timestamp="20210530 19:41:04.185" level="FAIL">No browser is open.</msg>
<status status="FAIL" starttime="20210530 19:41:04.185" endtime="20210530 19:41:04.185"/>
</kw>
<msg timestamp="20210530 19:41:04.185" level="INFO">${Success} = False</msg>
<status status="PASS" starttime="20210530 19:41:04.185" endtime="20210530 19:41:04.185"/>
</kw>
<kw name="Run Keyword If" library="BuiltIn">
<arg>${Success} == False</arg>
<arg>Click Element</arg>
<arg>xpath://a[text()='Sign Out']</arg>
<doc>Runs the given keyword with the given arguments, if ``condition`` is true.</doc>
<kw name="Click Element" library="SeleniumLibrary">
<arg>xpath://a[text()='Sign Out']</arg>
<doc>Click the element identified by ``locator``.</doc>
<msg timestamp="20210530 19:41:04.185" level="INFO">Clicking element 'xpath://a[text()='Sign Out']'.</msg>
<kw name="Capture Page Screenshot" library="SeleniumLibrary">
<doc>Takes a screenshot of the current page and embeds it into a log file.</doc>
<msg timestamp="20210530 19:41:04.185" level="INFO">Cannot capture screenshot because no browser is open.</msg>
<status status="PASS" starttime="20210530 19:41:04.185" endtime="20210530 19:41:04.185"/>
</kw>
<msg timestamp="20210530 19:41:04.185" level="FAIL">No browser is open.</msg>
<status status="FAIL" starttime="20210530 19:41:04.185" endtime="20210530 19:41:04.185"/>
</kw>
<status status="FAIL" starttime="20210530 19:41:04.185" endtime="20210530 19:41:04.185"/>
</kw>
<kw name="Close Browser" library="SeleniumLibrary">
<doc>Closes the current browser.</doc>
<status status="PASS" starttime="20210530 19:41:04.185" endtime="20210530 19:41:04.185"/>
</kw>
<status status="FAIL" starttime="20210530 19:41:04.185" endtime="20210530 19:41:04.185"/>
</kw>
<status status="FAIL" starttime="20210530 19:41:04.185" endtime="20210530 19:41:04.185">No browser is open.</status>
</kw>
<status status="FAIL" starttime="20210530 19:41:00.812" endtime="20210530 19:41:04.185">Suite setup failed:
SessionNotCreatedException: Message: session not created: This version of ChromeDriver only supports Chrome version 88
Current browser version is 90.0.4430.212 with binary path C:\Program Files (x86)\Google\Chrome\Application\chrome.exe


Also suite teardown failed:
No browser is open.</status>
</suite>
<status status="FAIL" starttime="20210530 19:41:00.793" endtime="20210530 19:41:04.200"/>
</suite>
<statistics>
<total>
<stat pass="0" fail="2" skip="0">All Tests</stat>
</total>
<tag>
</tag>
<suite>
<stat pass="0" fail="2" skip="0" id="s1" name="Tests">Tests</stat>
<stat pass="0" fail="2" skip="0" id="s1-s1" name="Post Message">Tests.Post Message</stat>
</suite>
</statistics>
<errors>
</errors>
</robot>
